<?xml version="1.0" encoding="UTF-8"?>
<testng-results ignored="0" total="1" passed="1" failed="0" skipped="0">
  <reporter-output>
  </reporter-output>
  <suite started-at="2025-01-01T09:42:07 IST" name="Default suite" finished-at="2025-01-01T09:42:35 IST" duration-ms="28275">
    <groups>
    </groups>
    <test started-at="2025-01-01T09:42:07 IST" name="Default test" finished-at="2025-01-01T09:42:35 IST" duration-ms="28275">
      <class name="pkg1.TestBucklesWishList">
        <test-method is-config="true" signature="initMyTest()[pri:0, instance:pkg1.TestBucklesWishList@4802796d]" started-at="2025-01-01T09:42:07 IST" name="initMyTest" finished-at="2025-01-01T09:42:09 IST" duration-ms="1486" status="PASS">
          <reporter-output>
          </reporter-output>
        </test-method> <!-- initMyTest -->
        <test-method signature="testCaseAtc()[pri:1, instance:pkg1.TestBucklesWishList@4802796d]" started-at="2025-01-01T09:42:09 IST" name="testCaseAtc" finished-at="2025-01-01T09:42:30 IST" duration-ms="21601" status="PASS">
          <reporter-output>
          </reporter-output>
        </test-method> <!-- testCaseAtc -->
        <test-method is-config="true" signature="endTest()[pri:0, instance:pkg1.TestBucklesWishList@4802796d]" started-at="2025-01-01T09:42:30 IST" name="endTest" finished-at="2025-01-01T09:42:35 IST" duration-ms="5165" status="PASS">
          <reporter-output>
          </reporter-output>
        </test-method> <!-- endTest -->
      </class> <!-- pkg1.TestBucklesWishList -->
    </test> <!-- Default test -->
  </suite> <!-- Default suite -->
</testng-results>
