<?xml version="1.0" encoding="UTF-8"?>
<testng-results ignored="0" total="1" passed="1" failed="0" skipped="0">
  <reporter-output>
  </reporter-output>
  <suite started-at="2024-12-29T17:23:10 IST" name="Default suite" finished-at="2024-12-29T17:23:26 IST" duration-ms="16026">
    <groups>
    </groups>
    <test started-at="2024-12-29T17:23:10 IST" name="Default test" finished-at="2024-12-29T17:23:26 IST" duration-ms="16026">
      <class name="pkg1.TestBucklesAtc">
        <test-method is-config="true" signature="initMyTest()[pri:0, instance:pkg1.TestBucklesAtc@34123d65]" started-at="2024-12-29T17:23:10 IST" name="initMyTest" finished-at="2024-12-29T17:23:12 IST" duration-ms="2142" status="PASS">
          <reporter-output>
          </reporter-output>
        </test-method> <!-- initMyTest -->
        <test-method signature="testCaseBadAtc()[pri:2, instance:pkg1.TestBucklesAtc@34123d65]" started-at="2024-12-29T17:23:12 IST" name="testCaseBadAtc" finished-at="2024-12-29T17:23:21 IST" duration-ms="8618" status="PASS">
          <reporter-output>
          </reporter-output>
        </test-method> <!-- testCaseBadAtc -->
        <test-method is-config="true" signature="endTest()[pri:0, instance:pkg1.TestBucklesAtc@34123d65]" started-at="2024-12-29T17:23:21 IST" name="endTest" finished-at="2024-12-29T17:23:26 IST" duration-ms="5246" status="PASS">
          <reporter-output>
          </reporter-output>
        </test-method> <!-- endTest -->
      </class> <!-- pkg1.TestBucklesAtc -->
    </test> <!-- Default test -->
  </suite> <!-- Default suite -->
</testng-results>
